<?xml version="1.0" encoding="UTF-8"?>
<!-- Generated by org.testng.reporters.JUnitReportReporter -->
<testsuite hostname="ANKIJAJA-LAP" name="com.m2a.TestCases.LoginTest" tests="1" failures="0" timestamp="25 Dec 2019 20:25:02 GMT" time="0.438" errors="0">
  <testcase name="loginAsBankManager" time="0.438" classname="com.m2a.TestCases.LoginTest"/>
</testsuite> <!-- com.m2a.TestCases.LoginTest -->
