<?xml version="1.0" encoding="UTF-8"?>
<!-- Generated by org.testng.reporters.JUnitReportReporter -->
<testsuite hostname="ANKIJAJA-LAP" name="com.m2a.TestCases.AddCustomerData" tests="1" failures="0" timestamp="25 Dec 2019 20:25:02 GMT" time="12.297" errors="0">
  <testcase name="addCustomer" time="12.297" classname="com.m2a.TestCases.AddCustomerData"/>
</testsuite> <!-- com.m2a.TestCases.AddCustomerData -->
